This is pdfTeX, Version 3.141592653-2.6-1.40.27 (TeX Live 2025) (preloaded format=pdflatex 2025.9.1)  18 SEP 2025 23:14
entering extended mode
 restricted \write18 enabled.
 %&-line parsing enabled.
**main.tex
(./main.tex
LaTeX2e <2024-11-01> patch level 2
L3 programming layer <2025-01-18>
(./deutez.cls (/usr/local/texlive/2025/texmf-dist/tex/latex/base/report.cls
Document Class: report 2024/06/29 v1.4n Standard LaTeX document class
(/usr/local/texlive/2025/texmf-dist/tex/latex/base/size11.clo
File: size11.clo 2024/06/29 v1.4n Standard LaTeX file (size option)
)
\c@part=\count196
\c@chapter=\count197
\c@section=\count198
\c@subsection=\count199
\c@subsubsection=\count266
\c@paragraph=\count267
\c@subparagraph=\count268
\c@figure=\count269
\c@table=\count270
\abovecaptionskip=\skip49
\belowcaptionskip=\skip50
\bibindent=\dimen141
)
(/usr/local/texlive/2025/texmf-dist/tex/generic/babel/babel.sty
Package: babel 2025/02/14 v25.4 The multilingual framework for pdfLaTeX, LuaLaT
eX and XeLaTeX
\babel@savecnt=\count271
\U@D=\dimen142
\l@unhyphenated=\language90

(/usr/local/texlive/2025/texmf-dist/tex/generic/babel/txtbabel.def)
\bbl@readstream=\read2
\bbl@dirlevel=\count272

(/usr/local/texlive/2025/texmf-dist/tex/generic/babel-english/english.ldf
Language: english 2017/06/06 v3.3r English support from the babel system
Package babel Info: Hyphen rules for 'canadian' set to \l@english
(babel)             (\language0). Reported on input line 102.
Package babel Info: Hyphen rules for 'australian' set to \l@ukenglish
(babel)             (\language22). Reported on input line 105.
Package babel Info: Hyphen rules for 'newzealand' set to \l@ukenglish
(babel)             (\language22). Reported on input line 108.
))
(/usr/local/texlive/2025/texmf-dist/tex/generic/babel/locale/en/babel-english.t
ex
Package babel Info: Importing font and identification data for english
(babel)             from babel-en.ini. Reported on input line 11.
) (/usr/local/texlive/2025/texmf-dist/tex/latex/base/inputenc.sty
Package: inputenc 2024/02/08 v1.3d Input encoding file
\inpenc@prehook=\toks17
\inpenc@posthook=\toks18
)
(/usr/local/texlive/2025/texmf-dist/tex/latex/graphics/graphicx.sty
Package: graphicx 2021/09/16 v1.2d Enhanced LaTeX Graphics (DPC,SPQR)

(/usr/local/texlive/2025/texmf-dist/tex/latex/graphics/keyval.sty
Package: keyval 2022/05/29 v1.15 key=value parser (DPC)
\KV@toks@=\toks19
)
(/usr/local/texlive/2025/texmf-dist/tex/latex/graphics/graphics.sty
Package: graphics 2024/08/06 v1.4g Standard LaTeX Graphics (DPC,SPQR)

(/usr/local/texlive/2025/texmf-dist/tex/latex/graphics/trig.sty
Package: trig 2023/12/02 v1.11 sin cos tan (DPC)
)
(/usr/local/texlive/2025/texmf-dist/tex/latex/graphics-cfg/graphics.cfg
File: graphics.cfg 2016/06/04 v1.11 sample graphics configuration
)
Package graphics Info: Driver file: pdftex.def on input line 106.

(/usr/local/texlive/2025/texmf-dist/tex/latex/graphics-def/pdftex.def
File: pdftex.def 2024/04/13 v1.2c Graphics/color driver for pdftex
))
\Gin@req@height=\dimen143
\Gin@req@width=\dimen144
)
(/usr/local/texlive/2025/texmf-dist/tex/latex/geometry/geometry.sty
Package: geometry 2020/01/02 v5.9 Page Geometry

(/usr/local/texlive/2025/texmf-dist/tex/generic/iftex/ifvtex.sty
Package: ifvtex 2019/10/25 v1.7 ifvtex legacy package. Use iftex instead.

(/usr/local/texlive/2025/texmf-dist/tex/generic/iftex/iftex.sty
Package: iftex 2024/12/12 v1.0g TeX engine tests
))
\Gm@cnth=\count273
\Gm@cntv=\count274
\c@Gm@tempcnt=\count275
\Gm@bindingoffset=\dimen145
\Gm@wd@mp=\dimen146
\Gm@odd@mp=\dimen147
\Gm@even@mp=\dimen148
\Gm@layoutwidth=\dimen149
\Gm@layoutheight=\dimen150
\Gm@layouthoffset=\dimen151
\Gm@layoutvoffset=\dimen152
\Gm@dimlist=\toks20
)
(/usr/local/texlive/2025/texmf-dist/tex/latex/everypage/everypage.sty
Package: everypage 2020/10/17 R2.0b Hooks to run on every page


Package everypage Warning: Functionality similar to this package has recently
(everypage)                been implemented in LaTeX. This package is now in
(everypage)                legacy status.
(everypage)                Please, don't use it in new documents and packages.


Package everypage Warning: You appear to be running a version of LaTeX
(everypage)                providing the new functionality.
(everypage)                Doing the best to deliver the original `everypage`
(everypage)                interface on top of it. Strict equivalence is
(everypage)                not possible, breakage may occur.
(everypage)                If truly needed, Use `everypage-1x` to force the
(everypage)                loading of an older code base.

) (/usr/local/texlive/2025/texmf-dist/tex/latex/tools/afterpage.sty
Package: afterpage 2023/07/04 v1.08 After-Page Package (DPC)
\AP@output=\toks21
\AP@partial=\box52
\AP@footins=\box53
)
(/usr/local/texlive/2025/texmf-dist/tex/latex/pgf/frontendlayer/tikz.sty
(/usr/local/texlive/2025/texmf-dist/tex/latex/pgf/basiclayer/pgf.sty
(/usr/local/texlive/2025/texmf-dist/tex/latex/pgf/utilities/pgfrcs.sty
(/usr/local/texlive/2025/texmf-dist/tex/generic/pgf/utilities/pgfutil-common.te
x
\pgfutil@everybye=\toks22
\pgfutil@tempdima=\dimen153
\pgfutil@tempdimb=\dimen154
)
(/usr/local/texlive/2025/texmf-dist/tex/generic/pgf/utilities/pgfutil-latex.def
\pgfutil@abb=\box54
) (/usr/local/texlive/2025/texmf-dist/tex/generic/pgf/utilities/pgfrcs.code.tex
(/usr/local/texlive/2025/texmf-dist/tex/generic/pgf/pgf.revision.tex)
Package: pgfrcs 2023-01-15 v3.1.10 (3.1.10)
))
Package: pgf 2023-01-15 v3.1.10 (3.1.10)

(/usr/local/texlive/2025/texmf-dist/tex/latex/pgf/basiclayer/pgfcore.sty
(/usr/local/texlive/2025/texmf-dist/tex/latex/pgf/systemlayer/pgfsys.sty
(/usr/local/texlive/2025/texmf-dist/tex/generic/pgf/systemlayer/pgfsys.code.tex
Package: pgfsys 2023-01-15 v3.1.10 (3.1.10)
(/usr/local/texlive/2025/texmf-dist/tex/generic/pgf/utilities/pgfkeys.code.tex
\pgfkeys@pathtoks=\toks23
\pgfkeys@temptoks=\toks24

(/usr/local/texlive/2025/texmf-dist/tex/generic/pgf/utilities/pgfkeyslibraryfil
tered.code.tex
\pgfkeys@tmptoks=\toks25
))
\pgf@x=\dimen155
\pgf@y=\dimen156
\pgf@xa=\dimen157
\pgf@ya=\dimen158
\pgf@xb=\dimen159
\pgf@yb=\dimen160
\pgf@xc=\dimen161
\pgf@yc=\dimen162
\pgf@xd=\dimen163
\pgf@yd=\dimen164
\w@pgf@writea=\write3
\r@pgf@reada=\read3
\c@pgf@counta=\count276
\c@pgf@countb=\count277
\c@pgf@countc=\count278
\c@pgf@countd=\count279
\t@pgf@toka=\toks26
\t@pgf@tokb=\toks27
\t@pgf@tokc=\toks28
\pgf@sys@id@count=\count280

(/usr/local/texlive/2025/texmf-dist/tex/generic/pgf/systemlayer/pgf.cfg
File: pgf.cfg 2023-01-15 v3.1.10 (3.1.10)
)
Driver file for pgf: pgfsys-pdftex.def

(/usr/local/texlive/2025/texmf-dist/tex/generic/pgf/systemlayer/pgfsys-pdftex.d
ef
File: pgfsys-pdftex.def 2023-01-15 v3.1.10 (3.1.10)

(/usr/local/texlive/2025/texmf-dist/tex/generic/pgf/systemlayer/pgfsys-common-p
df.def
File: pgfsys-common-pdf.def 2023-01-15 v3.1.10 (3.1.10)
)))
(/usr/local/texlive/2025/texmf-dist/tex/generic/pgf/systemlayer/pgfsyssoftpath.
code.tex
File: pgfsyssoftpath.code.tex 2023-01-15 v3.1.10 (3.1.10)
\pgfsyssoftpath@smallbuffer@items=\count281
\pgfsyssoftpath@bigbuffer@items=\count282
)
(/usr/local/texlive/2025/texmf-dist/tex/generic/pgf/systemlayer/pgfsysprotocol.
code.tex
File: pgfsysprotocol.code.tex 2023-01-15 v3.1.10 (3.1.10)
)) (/usr/local/texlive/2025/texmf-dist/tex/latex/xcolor/xcolor.sty
Package: xcolor 2024/09/29 v3.02 LaTeX color extensions (UK)

(/usr/local/texlive/2025/texmf-dist/tex/latex/graphics-cfg/color.cfg
File: color.cfg 2016/01/02 v1.6 sample color configuration
)
Package xcolor Info: Driver file: pdftex.def on input line 274.

(/usr/local/texlive/2025/texmf-dist/tex/latex/graphics/mathcolor.ltx)
Package xcolor Info: Model `cmy' substituted by `cmy0' on input line 1349.
Package xcolor Info: Model `hsb' substituted by `rgb' on input line 1353.
Package xcolor Info: Model `RGB' extended on input line 1365.
Package xcolor Info: Model `HTML' substituted by `rgb' on input line 1367.
Package xcolor Info: Model `Hsb' substituted by `hsb' on input line 1368.
Package xcolor Info: Model `tHsb' substituted by `hsb' on input line 1369.
Package xcolor Info: Model `HSB' substituted by `hsb' on input line 1370.
Package xcolor Info: Model `Gray' substituted by `gray' on input line 1371.
Package xcolor Info: Model `wave' substituted by `hsb' on input line 1372.
)
(/usr/local/texlive/2025/texmf-dist/tex/generic/pgf/basiclayer/pgfcore.code.tex
Package: pgfcore 2023-01-15 v3.1.10 (3.1.10)
(/usr/local/texlive/2025/texmf-dist/tex/generic/pgf/math/pgfmath.code.tex
(/usr/local/texlive/2025/texmf-dist/tex/generic/pgf/math/pgfmathutil.code.tex)
(/usr/local/texlive/2025/texmf-dist/tex/generic/pgf/math/pgfmathparser.code.tex
\pgfmath@dimen=\dimen165
\pgfmath@count=\count283
\pgfmath@box=\box55
\pgfmath@toks=\toks29
\pgfmath@stack@operand=\toks30
\pgfmath@stack@operation=\toks31
)
(/usr/local/texlive/2025/texmf-dist/tex/generic/pgf/math/pgfmathfunctions.code.
tex)
(/usr/local/texlive/2025/texmf-dist/tex/generic/pgf/math/pgfmathfunctions.basic
.code.tex)
(/usr/local/texlive/2025/texmf-dist/tex/generic/pgf/math/pgfmathfunctions.trigo
nometric.code.tex)
(/usr/local/texlive/2025/texmf-dist/tex/generic/pgf/math/pgfmathfunctions.rando
m.code.tex)
(/usr/local/texlive/2025/texmf-dist/tex/generic/pgf/math/pgfmathfunctions.compa
rison.code.tex)
(/usr/local/texlive/2025/texmf-dist/tex/generic/pgf/math/pgfmathfunctions.base.
code.tex)
(/usr/local/texlive/2025/texmf-dist/tex/generic/pgf/math/pgfmathfunctions.round
.code.tex)
(/usr/local/texlive/2025/texmf-dist/tex/generic/pgf/math/pgfmathfunctions.misc.
code.tex)
(/usr/local/texlive/2025/texmf-dist/tex/generic/pgf/math/pgfmathfunctions.integ
erarithmetics.code.tex)
(/usr/local/texlive/2025/texmf-dist/tex/generic/pgf/math/pgfmathcalc.code.tex)
(/usr/local/texlive/2025/texmf-dist/tex/generic/pgf/math/pgfmathfloat.code.tex
\c@pgfmathroundto@lastzeros=\count284
)) (/usr/local/texlive/2025/texmf-dist/tex/generic/pgf/math/pgfint.code.tex)
(/usr/local/texlive/2025/texmf-dist/tex/generic/pgf/basiclayer/pgfcorepoints.co
de.tex
File: pgfcorepoints.code.tex 2023-01-15 v3.1.10 (3.1.10)
\pgf@picminx=\dimen166
\pgf@picmaxx=\dimen167
\pgf@picminy=\dimen168
\pgf@picmaxy=\dimen169
\pgf@pathminx=\dimen170
\pgf@pathmaxx=\dimen171
\pgf@pathminy=\dimen172
\pgf@pathmaxy=\dimen173
\pgf@xx=\dimen174
\pgf@xy=\dimen175
\pgf@yx=\dimen176
\pgf@yy=\dimen177
\pgf@zx=\dimen178
\pgf@zy=\dimen179
)
(/usr/local/texlive/2025/texmf-dist/tex/generic/pgf/basiclayer/pgfcorepathconst
ruct.code.tex
File: pgfcorepathconstruct.code.tex 2023-01-15 v3.1.10 (3.1.10)
\pgf@path@lastx=\dimen180
\pgf@path@lasty=\dimen181
)
(/usr/local/texlive/2025/texmf-dist/tex/generic/pgf/basiclayer/pgfcorepathusage
.code.tex
File: pgfcorepathusage.code.tex 2023-01-15 v3.1.10 (3.1.10)
\pgf@shorten@end@additional=\dimen182
\pgf@shorten@start@additional=\dimen183
)
(/usr/local/texlive/2025/texmf-dist/tex/generic/pgf/basiclayer/pgfcorescopes.co
de.tex
File: pgfcorescopes.code.tex 2023-01-15 v3.1.10 (3.1.10)
\pgfpic=\box56
\pgf@hbox=\box57
\pgf@layerbox@main=\box58
\pgf@picture@serial@count=\count285
)
(/usr/local/texlive/2025/texmf-dist/tex/generic/pgf/basiclayer/pgfcoregraphicst
ate.code.tex
File: pgfcoregraphicstate.code.tex 2023-01-15 v3.1.10 (3.1.10)
\pgflinewidth=\dimen184
)
(/usr/local/texlive/2025/texmf-dist/tex/generic/pgf/basiclayer/pgfcoretransform
ations.code.tex
File: pgfcoretransformations.code.tex 2023-01-15 v3.1.10 (3.1.10)
\pgf@pt@x=\dimen185
\pgf@pt@y=\dimen186
\pgf@pt@temp=\dimen187
)
(/usr/local/texlive/2025/texmf-dist/tex/generic/pgf/basiclayer/pgfcorequick.cod
e.tex
File: pgfcorequick.code.tex 2023-01-15 v3.1.10 (3.1.10)
)
(/usr/local/texlive/2025/texmf-dist/tex/generic/pgf/basiclayer/pgfcoreobjects.c
ode.tex
File: pgfcoreobjects.code.tex 2023-01-15 v3.1.10 (3.1.10)
)
(/usr/local/texlive/2025/texmf-dist/tex/generic/pgf/basiclayer/pgfcorepathproce
ssing.code.tex
File: pgfcorepathprocessing.code.tex 2023-01-15 v3.1.10 (3.1.10)
)
(/usr/local/texlive/2025/texmf-dist/tex/generic/pgf/basiclayer/pgfcorearrows.co
de.tex
File: pgfcorearrows.code.tex 2023-01-15 v3.1.10 (3.1.10)
\pgfarrowsep=\dimen188
)
(/usr/local/texlive/2025/texmf-dist/tex/generic/pgf/basiclayer/pgfcoreshade.cod
e.tex
File: pgfcoreshade.code.tex 2023-01-15 v3.1.10 (3.1.10)
\pgf@max=\dimen189
\pgf@sys@shading@range@num=\count286
\pgf@shadingcount=\count287
)
(/usr/local/texlive/2025/texmf-dist/tex/generic/pgf/basiclayer/pgfcoreimage.cod
e.tex
File: pgfcoreimage.code.tex 2023-01-15 v3.1.10 (3.1.10)
)
(/usr/local/texlive/2025/texmf-dist/tex/generic/pgf/basiclayer/pgfcoreexternal.
code.tex
File: pgfcoreexternal.code.tex 2023-01-15 v3.1.10 (3.1.10)
\pgfexternal@startupbox=\box59
)
(/usr/local/texlive/2025/texmf-dist/tex/generic/pgf/basiclayer/pgfcorelayers.co
de.tex
File: pgfcorelayers.code.tex 2023-01-15 v3.1.10 (3.1.10)
)
(/usr/local/texlive/2025/texmf-dist/tex/generic/pgf/basiclayer/pgfcoretranspare
ncy.code.tex
File: pgfcoretransparency.code.tex 2023-01-15 v3.1.10 (3.1.10)
)
(/usr/local/texlive/2025/texmf-dist/tex/generic/pgf/basiclayer/pgfcorepatterns.
code.tex
File: pgfcorepatterns.code.tex 2023-01-15 v3.1.10 (3.1.10)
)
(/usr/local/texlive/2025/texmf-dist/tex/generic/pgf/basiclayer/pgfcorerdf.code.
tex
File: pgfcorerdf.code.tex 2023-01-15 v3.1.10 (3.1.10)
)))
(/usr/local/texlive/2025/texmf-dist/tex/generic/pgf/modules/pgfmoduleshapes.cod
e.tex
File: pgfmoduleshapes.code.tex 2023-01-15 v3.1.10 (3.1.10)
\pgfnodeparttextbox=\box60
)
(/usr/local/texlive/2025/texmf-dist/tex/generic/pgf/modules/pgfmoduleplot.code.
tex
File: pgfmoduleplot.code.tex 2023-01-15 v3.1.10 (3.1.10)
)
(/usr/local/texlive/2025/texmf-dist/tex/latex/pgf/compatibility/pgfcomp-version
-0-65.sty
Package: pgfcomp-version-0-65 2023-01-15 v3.1.10 (3.1.10)
\pgf@nodesepstart=\dimen190
\pgf@nodesepend=\dimen191
)
(/usr/local/texlive/2025/texmf-dist/tex/latex/pgf/compatibility/pgfcomp-version
-1-18.sty
Package: pgfcomp-version-1-18 2023-01-15 v3.1.10 (3.1.10)
))
(/usr/local/texlive/2025/texmf-dist/tex/latex/pgf/utilities/pgffor.sty
(/usr/local/texlive/2025/texmf-dist/tex/latex/pgf/utilities/pgfkeys.sty
(/usr/local/texlive/2025/texmf-dist/tex/generic/pgf/utilities/pgfkeys.code.tex)
) (/usr/local/texlive/2025/texmf-dist/tex/latex/pgf/math/pgfmath.sty
(/usr/local/texlive/2025/texmf-dist/tex/generic/pgf/math/pgfmath.code.tex))
(/usr/local/texlive/2025/texmf-dist/tex/generic/pgf/utilities/pgffor.code.tex
Package: pgffor 2023-01-15 v3.1.10 (3.1.10)
\pgffor@iter=\dimen192
\pgffor@skip=\dimen193
\pgffor@stack=\toks32
\pgffor@toks=\toks33
))
(/usr/local/texlive/2025/texmf-dist/tex/generic/pgf/frontendlayer/tikz/tikz.cod
e.tex
Package: tikz 2023-01-15 v3.1.10 (3.1.10)

(/usr/local/texlive/2025/texmf-dist/tex/generic/pgf/libraries/pgflibraryplothan
dlers.code.tex
File: pgflibraryplothandlers.code.tex 2023-01-15 v3.1.10 (3.1.10)
\pgf@plot@mark@count=\count288
\pgfplotmarksize=\dimen194
)
\tikz@lastx=\dimen195
\tikz@lasty=\dimen196
\tikz@lastxsaved=\dimen197
\tikz@lastysaved=\dimen198
\tikz@lastmovetox=\dimen199
\tikz@lastmovetoy=\dimen256
\tikzleveldistance=\dimen257
\tikzsiblingdistance=\dimen258
\tikz@figbox=\box61
\tikz@figbox@bg=\box62
\tikz@tempbox=\box63
\tikz@tempbox@bg=\box64
\tikztreelevel=\count289
\tikznumberofchildren=\count290
\tikznumberofcurrentchild=\count291
\tikz@fig@count=\count292

(/usr/local/texlive/2025/texmf-dist/tex/generic/pgf/modules/pgfmodulematrix.cod
e.tex
File: pgfmodulematrix.code.tex 2023-01-15 v3.1.10 (3.1.10)
\pgfmatrixcurrentrow=\count293
\pgfmatrixcurrentcolumn=\count294
\pgf@matrix@numberofcolumns=\count295
)
\tikz@expandcount=\count296

(/usr/local/texlive/2025/texmf-dist/tex/generic/pgf/frontendlayer/tikz/librarie
s/tikzlibrarytopaths.code.tex
File: tikzlibrarytopaths.code.tex 2023-01-15 v3.1.10 (3.1.10)
)))
(/usr/local/texlive/2025/texmf-dist/tex/latex/ifthenx/ifthenx.sty
Package: ifthenx 2012/04/01 (v0.1a) ifthen package extensions (GJ)

(/usr/local/texlive/2025/texmf-dist/tex/latex/base/ifthen.sty
Package: ifthen 2024/03/16 v1.1e Standard LaTeX ifthen package (DPC)
))
(/usr/local/texlive/2025/texmf-dist/tex/latex/cite/cite.sty
LaTeX Info: Redefining \cite on input line 302.
LaTeX Info: Redefining \nocite on input line 332.
Package: cite 2015/02/27  v 5.5
)
(/usr/local/texlive/2025/texmf-dist/tex/generic/pgf/frontendlayer/tikz/librarie
s/tikzlibrarycalc.code.tex
File: tikzlibrarycalc.code.tex 2023-01-15 v3.1.10 (3.1.10)
)
(/usr/local/texlive/2025/texmf-dist/tex/generic/pgf/frontendlayer/tikz/librarie
s/tikzlibraryshapes.multipart.code.tex
File: tikzlibraryshapes.multipart.code.tex 2023-01-15 v3.1.10 (3.1.10)

(/usr/local/texlive/2025/texmf-dist/tex/generic/pgf/libraries/shapes/pgflibrary
shapes.multipart.code.tex
File: pgflibraryshapes.multipart.code.tex 2023-01-15 v3.1.10 (3.1.10)
\pgfnodepartlowerbox=\box65
\pgfnodeparttwobox=\box66
\pgfnodepartthreebox=\box67
\pgfnodepartfourbox=\box68
\pgfnodeparttwentybox=\box69
\pgfnodepartnineteenbox=\box70
\pgfnodeparteighteenbox=\box71
\pgfnodepartseventeenbox=\box72
\pgfnodepartsixteenbox=\box73
\pgfnodepartfifteenbox=\box74
\pgfnodepartfourteenbox=\box75
\pgfnodepartthirteenbox=\box76
\pgfnodeparttwelvebox=\box77
\pgfnodepartelevenbox=\box78
\pgfnodeparttenbox=\box79
\pgfnodepartninebox=\box80
\pgfnodeparteightbox=\box81
\pgfnodepartsevenbox=\box82
\pgfnodepartsixbox=\box83
\pgfnodepartfivebox=\box84
))
\picturewidth=\skip51
)
(/usr/local/texlive/2025/texmf-dist/tex/latex/amsmath/amsmath.sty
Package: amsmath 2024/11/05 v2.17t AMS math features
\@mathmargin=\skip52

For additional information on amsmath, use the `?' option.
(/usr/local/texlive/2025/texmf-dist/tex/latex/amsmath/amstext.sty
Package: amstext 2021/08/26 v2.01 AMS text

(/usr/local/texlive/2025/texmf-dist/tex/latex/amsmath/amsgen.sty
File: amsgen.sty 1999/11/30 v2.0 generic functions
\@emptytoks=\toks34
\ex@=\dimen259
))
(/usr/local/texlive/2025/texmf-dist/tex/latex/amsmath/amsbsy.sty
Package: amsbsy 1999/11/29 v1.2d Bold Symbols
\pmbraise@=\dimen260
)
(/usr/local/texlive/2025/texmf-dist/tex/latex/amsmath/amsopn.sty
Package: amsopn 2022/04/08 v2.04 operator names
)
\inf@bad=\count297
LaTeX Info: Redefining \frac on input line 233.
\uproot@=\count298
\leftroot@=\count299
LaTeX Info: Redefining \overline on input line 398.
LaTeX Info: Redefining \colon on input line 409.
\classnum@=\count300
\DOTSCASE@=\count301
LaTeX Info: Redefining \ldots on input line 495.
LaTeX Info: Redefining \dots on input line 498.
LaTeX Info: Redefining \cdots on input line 619.
\Mathstrutbox@=\box85
\strutbox@=\box86
LaTeX Info: Redefining \big on input line 721.
LaTeX Info: Redefining \Big on input line 722.
LaTeX Info: Redefining \bigg on input line 723.
LaTeX Info: Redefining \Bigg on input line 724.
\big@size=\dimen261
LaTeX Font Info:    Redeclaring font encoding OML on input line 742.
LaTeX Font Info:    Redeclaring font encoding OMS on input line 743.
\macc@depth=\count302
LaTeX Info: Redefining \bmod on input line 904.
LaTeX Info: Redefining \pmod on input line 909.
LaTeX Info: Redefining \smash on input line 939.
LaTeX Info: Redefining \relbar on input line 969.
LaTeX Info: Redefining \Relbar on input line 970.
\c@MaxMatrixCols=\count303
\dotsspace@=\muskip17
\c@parentequation=\count304
\dspbrk@lvl=\count305
\tag@help=\toks35
\row@=\count306
\column@=\count307
\maxfields@=\count308
\andhelp@=\toks36
\eqnshift@=\dimen262
\alignsep@=\dimen263
\tagshift@=\dimen264
\tagwidth@=\dimen265
\totwidth@=\dimen266
\lineht@=\dimen267
\@envbody=\toks37
\multlinegap=\skip53
\multlinetaggap=\skip54
\mathdisplay@stack=\toks38
LaTeX Info: Redefining \[ on input line 2953.
LaTeX Info: Redefining \] on input line 2954.
)
(/usr/local/texlive/2025/texmf-dist/tex/latex/caption/caption.sty
Package: caption 2023/08/05 v3.6o Customizing captions (AR)

(/usr/local/texlive/2025/texmf-dist/tex/latex/caption/caption3.sty
Package: caption3 2023/07/31 v2.4d caption3 kernel (AR)
\caption@tempdima=\dimen268
\captionmargin=\dimen269
\caption@leftmargin=\dimen270
\caption@rightmargin=\dimen271
\caption@width=\dimen272
\caption@indent=\dimen273
\caption@parindent=\dimen274
\caption@hangindent=\dimen275
Package caption Info: Standard document class detected.
)
\c@caption@flags=\count309
\c@continuedfloat=\count310
)
(/usr/local/texlive/2025/texmf-dist/tex/latex/pdfpages/pdfpages.sty
Package: pdfpages 2025/01/30 v0.6e Insert pages of external PDF documents (AM)

(/usr/local/texlive/2025/texmf-dist/tex/latex/tools/calc.sty
Package: calc 2023/07/08 v4.3 Infix arithmetic (KKT,FJ)
\calc@Acount=\count311
\calc@Bcount=\count312
\calc@Adimen=\dimen276
\calc@Bdimen=\dimen277
\calc@Askip=\skip55
\calc@Bskip=\skip56
LaTeX Info: Redefining \setlength on input line 80.
LaTeX Info: Redefining \addtolength on input line 81.
\calc@Ccount=\count313
\calc@Cskip=\skip57
)
(/usr/local/texlive/2025/texmf-dist/tex/latex/eso-pic/eso-pic.sty
Package: eso-pic 2023/05/03 v3.0c eso-pic (RN)
\ESO@tempdima=\dimen278
\ESO@tempdimb=\dimen279
)
(/usr/local/texlive/2025/texmf-dist/tex/latex/etoolbox/etoolbox.sty
Package: etoolbox 2025/02/11 v2.5l e-TeX tools for LaTeX (JAW)
\etb@tempcnta=\count314
)
\AM@pagewidth=\dimen280
\AM@pageheight=\dimen281
\AM@fboxrule=\dimen282

(/usr/local/texlive/2025/texmf-dist/tex/latex/pdfpages/pppdftex.def
File: pppdftex.def 2025/01/30 v0.6e Pdfpages driver for pdfTeX (AM)
)
\pdfpages@includegraphics@status=\count315
\AM@pagebox=\box87
\AM@global@opts=\toks39
\AM@pagecnt=\count316
\AM@toc@title=\toks40
\AM@lof@heading=\toks41
\c@AM@survey=\count317
\AM@templatesizebox=\box88
)
(/usr/local/texlive/2025/texmf-dist/tex/latex/graphics/lscape.sty
Package: lscape 2020/05/28 v3.02 Landscape Pages (DPC)
)
(/usr/local/texlive/2025/texmf-dist/tex/latex/graphics/rotating.sty
Package: rotating 2016/08/11 v2.16d rotated objects in LaTeX
\c@r@tfl@t=\count318
\rotFPtop=\skip58
\rotFPbot=\skip59
\rot@float@box=\box89
\rot@mess@toks=\toks42
)
(/usr/local/texlive/2025/texmf-dist/tex/latex/amsfonts/amssymb.sty
Package: amssymb 2013/01/14 v3.01 AMS font symbols

(/usr/local/texlive/2025/texmf-dist/tex/latex/amsfonts/amsfonts.sty
Package: amsfonts 2013/01/14 v3.01 Basic AMSFonts support
\symAMSa=\mathgroup4
\symAMSb=\mathgroup5
LaTeX Font Info:    Redeclaring math symbol \hbar on input line 98.
LaTeX Font Info:    Overwriting math alphabet `\mathfrak' in version `bold'
(Font)                  U/euf/m/n --> U/euf/b/n on input line 106.
))
(/usr/local/texlive/2025/texmf-dist/tex/latex/steinmetz/steinmetz.sty
Package: steinmetz 2009/06/14 v1.0 Steinmetz symbol for electrotechnics

(/usr/local/texlive/2025/texmf-dist/tex/latex/pict2e/pict2e.sty
Package: pict2e 2020/09/30 v0.4b Improved picture commands (HjG,RN,JT)

(/usr/local/texlive/2025/texmf-dist/tex/latex/pict2e/pict2e.cfg
File: pict2e.cfg 2016/02/05 v0.1u pict2e configuration for teTeX/TeXLive
)
Package pict2e Info: Driver file: pdftex.def on input line 112.
Package pict2e Info: Driver file for pict2e: p2e-pdftex.def on input line 114.

(/usr/local/texlive/2025/texmf-dist/tex/latex/pict2e/p2e-pdftex.def
File: p2e-pdftex.def 2016/02/05 v0.1u Driver-dependant file (RN,HjG,JT)
)
\pIIe@GRAPH=\toks43
\@arclen=\dimen283
\@arcrad=\dimen284
\pIIe@tempdima=\dimen285
\pIIe@tempdimb=\dimen286
\pIIe@tempdimc=\dimen287
\pIIe@tempdimd=\dimen288
\pIIe@tempdime=\dimen289
\pIIe@tempdimf=\dimen290
)
\stm@phasebox=\box90
\stm@phasedp=\skip60
\stm@phaseht=\skip61
\stm@phasetot=\skip62
\stm@phasewd=\skip63
)
(/usr/local/texlive/2025/texmf-dist/tex/latex/xpatch/xpatch.sty
(/usr/local/texlive/2025/texmf-dist/tex/latex/l3kernel/expl3.sty
Package: expl3 2025-01-18 L3 programming layer (loader) 

(/usr/local/texlive/2025/texmf-dist/tex/latex/l3backend/l3backend-pdftex.def
File: l3backend-pdftex.def 2024-05-08 L3 backend support: PDF output (pdfTeX)
\l__color_backend_stack_int=\count319
\l__pdf_internal_box=\box91
))
Package: xpatch 2020/03/25 v0.3a Extending etoolbox patching commands

(/usr/local/texlive/2025/texmf-dist/tex/latex/l3packages/xparse/xparse.sty
Package: xparse 2024-08-16 L3 Experimental document command parser
))
(/usr/local/texlive/2025/texmf-dist/tex/latex/esint/esint.sty
Package: esint 
\symlargesymbolsA=\mathgroup6
)
(/usr/local/texlive/2025/texmf-dist/tex/latex/gensymb/gensymb.sty
Package: gensymb 2022/10/17 v1.0.2 (KJH)
)
(/usr/local/texlive/2025/texmf-dist/tex/latex/mathtools/mathtools.sty
Package: mathtools 2024/10/04 v1.31 mathematical typesetting tools

(/usr/local/texlive/2025/texmf-dist/tex/latex/mathtools/mhsetup.sty
Package: mhsetup 2021/03/18 v1.4 programming setup (MH)
)
\g_MT_multlinerow_int=\count320
\l_MT_multwidth_dim=\dimen291
\origjot=\skip64
\l_MT_shortvdotswithinadjustabove_dim=\dimen292
\l_MT_shortvdotswithinadjustbelow_dim=\dimen293
\l_MT_above_intertext_sep=\dimen294
\l_MT_below_intertext_sep=\dimen295
\l_MT_above_shortintertext_sep=\dimen296
\l_MT_below_shortintertext_sep=\dimen297
\xmathstrut@box=\box92
\xmathstrut@dim=\dimen298
)
(/usr/local/texlive/2025/texmf-dist/tex/latex/tools/xspace.sty
Package: xspace 2014/10/28 v1.13 Space after command names (DPC,MH)
)
(/usr/local/texlive/2025/texmf-dist/tex/latex/comment/comment.sty
\CommentStream=\write4

Excluding comment 'comment')
(/usr/local/texlive/2025/texmf-dist/tex/latex/tools/bm.sty
Package: bm 2023/12/19 v1.2f Bold Symbol Support (DPC/FMi)
\symboldoperators=\mathgroup7
\symboldletters=\mathgroup8
\symboldsymbols=\mathgroup9
Package bm Info: No bold for \OMX/cmex/m/n, using \pmb.
Package bm Info: No bold for \U/msa/m/n, using \pmb.
Package bm Info: No bold for \U/msb/m/n, using \pmb.
Package bm Info: No bold for \U/esint/m/n, using \pmb.
LaTeX Font Info:    Redeclaring math alphabet \mathbf on input line 149.
)
(/usr/local/texlive/2025/texmf-dist/tex/latex/physics/physics.sty
Package: physics 
)
(/usr/local/texlive/2025/texmf-dist/tex/latex/circuitikz/circuitikz.sty
Package: circuitikz 2025/01/10{} The CircuiTikz circuit drawing package version
 1.7.1

(/usr/local/texlive/2025/texmf-dist/tex/generic/pgf/libraries/pgflibraryarrows.
meta.code.tex
File: pgflibraryarrows.meta.code.tex 2023-01-15 v3.1.10 (3.1.10)
\pgfarrowinset=\dimen299
\pgfarrowlength=\dimen300
\pgfarrowwidth=\dimen301
\pgfarrowlinewidth=\dimen302
)
(/usr/local/texlive/2025/texmf-dist/tex/generic/pgf/frontendlayer/tikz/librarie
s/tikzlibrarybending.code.tex
File: tikzlibrarybending.code.tex 2023-01-15 v3.1.10 (3.1.10)

(/usr/local/texlive/2025/texmf-dist/tex/generic/pgf/modules/pgfmodulebending.co
de.tex
File: pgfmodulebending.code.tex 2023-01-15 v3.1.10 (3.1.10)

(/usr/local/texlive/2025/texmf-dist/tex/generic/pgf/modules/pgfmodulenonlineart
ransformations.code.tex
File: pgfmodulenonlineartransformations.code.tex 2023-01-15 v3.1.10 (3.1.10)
\pgftransformnonlinearflatness=\dimen303
)
(/usr/local/texlive/2025/texmf-dist/tex/generic/pgf/libraries/pgflibrarycurvili
near.code.tex
File: pgflibrarycurvilinear.code.tex 2023-01-15 v3.1.10 (3.1.10)
\pgf@curvilinear@time@a=\dimen304
\pgf@curvilinear@length@a=\dimen305
\pgf@curvilinear@length@b=\dimen306
\pgf@curvilinear@length@c=\dimen307
\pgf@curvilinear@length@d=\dimen308
)
\pgf@arrows@the@rigidity=\dimen309
))
(/usr/local/texlive/2025/texmf-dist/tex/generic/pgf/frontendlayer/tikz/librarie
s/tikzlibraryfpu.code.tex
(/usr/local/texlive/2025/texmf-dist/tex/generic/pgf/libraries/pgflibraryfpu.cod
e.tex))
(/usr/local/texlive/2025/texmf-dist/tex/generic/circuitikz/pgfcirc.defines.tex
\pgf@circ@count@a=\count321
\pgf@circ@count@b=\count322
\pgf@circ@count@c=\count323
\pgf@circ@res@up=\dimen310
\pgf@circ@res@down=\dimen311
\pgf@circ@res@zero=\dimen312
\pgf@circ@res@left=\dimen313
\pgf@circ@res@right=\dimen314
\pgf@circ@res@other=\dimen315
\pgf@circ@res@step=\dimen316
\pgf@circ@res@temp=\dimen317
\pgf@circ@Rlen=\dimen318
\pgf@circ@scaled@Rlen=\dimen319
\pgfstartlinewidth=\dimen320
) (/usr/local/texlive/2025/texmf-dist/tex/generic/circuitikz/pgfcircutils.tex
\ctikz@scratchbox=\box93
)
(/usr/local/texlive/2025/texmf-dist/tex/generic/circuitikz/pgfcircpath.tex)
(/usr/local/texlive/2025/texmf-dist/tex/generic/circuitikz/pgfcircshapes.tex)
(/usr/local/texlive/2025/texmf-dist/tex/generic/circuitikz/pgfcircmonopoles.tex
) (/usr/local/texlive/2025/texmf-dist/tex/generic/circuitikz/pgfcircbipoles.tex
)
(/usr/local/texlive/2025/texmf-dist/tex/generic/circuitikz/pgfcirctripoles.tex
\pgf@circ@res@count=\count324
)
(/usr/local/texlive/2025/texmf-dist/tex/generic/circuitikz/pgfcircquadpoles.tex
)
(/usr/local/texlive/2025/texmf-dist/tex/generic/circuitikz/pgfcircmultipoles.te
x) (/usr/local/texlive/2025/texmf-dist/tex/generic/circuitikz/pgfcirclabel.tex)
(/usr/local/texlive/2025/texmf-dist/tex/generic/circuitikz/pgfcircvoltage.tex
\pgfcirc@labelshift=\dimen321
)
(/usr/local/texlive/2025/texmf-dist/tex/generic/circuitikz/pgfcirccurrent.tex)
(/usr/local/texlive/2025/texmf-dist/tex/generic/circuitikz/pgfcircflow.tex))
(./main.aux (./methodsAndResults.aux) (./appendices.aux

LaTeX Warning: Label `fig:cpw_field distribution' multiply defined.

))
\openout1 = `main.aux'.

LaTeX Font Info:    Checking defaults for OML/cmm/m/it on input line 36.
LaTeX Font Info:    ... okay on input line 36.
LaTeX Font Info:    Checking defaults for OMS/cmsy/m/n on input line 36.
LaTeX Font Info:    ... okay on input line 36.
LaTeX Font Info:    Checking defaults for OT1/cmr/m/n on input line 36.
LaTeX Font Info:    ... okay on input line 36.
LaTeX Font Info:    Checking defaults for T1/cmr/m/n on input line 36.
LaTeX Font Info:    ... okay on input line 36.
LaTeX Font Info:    Checking defaults for TS1/cmr/m/n on input line 36.
LaTeX Font Info:    ... okay on input line 36.
LaTeX Font Info:    Checking defaults for OMX/cmex/m/n on input line 36.
LaTeX Font Info:    ... okay on input line 36.
LaTeX Font Info:    Checking defaults for U/cmr/m/n on input line 36.
LaTeX Font Info:    ... okay on input line 36.
 (/usr/local/texlive/2025/texmf-dist/tex/context/base/mkii/supp-pdf.mkii
[Loading MPS to PDF converter (version 2006.09.02).]
\scratchcounter=\count325
\scratchdimen=\dimen322
\scratchbox=\box94
\nofMPsegments=\count326
\nofMParguments=\count327
\everyMPshowfont=\toks44
\MPscratchCnt=\count328
\MPscratchDim=\dimen323
\MPnumerator=\count329
\makeMPintoPDFobject=\count330
\everyMPtoPDFconversion=\toks45
) (/usr/local/texlive/2025/texmf-dist/tex/latex/epstopdf-pkg/epstopdf-base.sty
Package: epstopdf-base 2020-01-24 v2.11 Base part for package epstopdf
Package epstopdf-base Info: Redefining graphics rule for `.eps' on input line 4
85.

(/usr/local/texlive/2025/texmf-dist/tex/latex/latexconfig/epstopdf-sys.cfg
File: epstopdf-sys.cfg 2010/07/13 v1.3 Configuration of (r)epstopdf for TeX Liv
e
))
*geometry* driver: auto-detecting
*geometry* detected driver: pdftex
*geometry* verbose mode - [ preamble ] result:
* driver: pdftex
* paper: <default>
* layout: <same size as paper>
* layoutoffset:(h,v)=(0.0pt,0.0pt)
* modes: 
* h-part:(L,W,R)=(113.81102pt, 412.56497pt, 71.13188pt)
* v-part:(T,H,B)=(85.35826pt, 674.33032pt, 85.35826pt)
* \paperwidth=597.50787pt
* \paperheight=845.04684pt
* \textwidth=412.56497pt
* \textheight=674.33032pt
* \oddsidemargin=41.54103pt
* \evensidemargin=41.54103pt
* \topmargin=-23.91173pt
* \headheight=12.0pt
* \headsep=25.0pt
* \topskip=11.0pt
* \footskip=30.0pt
* \marginparwidth=50.0pt
* \marginparsep=10.0pt
* \columnsep=10.0pt
* \skip\footins=10.0pt plus 4.0pt minus 2.0pt
* \hoffset=0.0pt
* \voffset=0.0pt
* \mag=1000
* \@twocolumnfalse
* \@twosidefalse
* \@mparswitchfalse
* \@reversemarginfalse
* (1in=72.27pt=25.4mm, 1cm=28.453pt)

<Deu.jpg, id=4, 401.5pt x 401.5pt>
File: Deu.jpg Graphic file (type jpg)
<use Deu.jpg>
Package pdftex.def Info: Deu.jpg  used on input line 36.
(pdftex.def)             Requested size: 82.1252pt x 82.12424pt.
<Muh.jpg, id=5, 501.875pt x 501.875pt>
File: Muh.jpg Graphic file (type jpg)
<use Muh.jpg>
Package pdftex.def Info: Muh.jpg  used on input line 36.
(pdftex.def)             Requested size: 82.1252pt x 82.12424pt.

Overfull \hbox (27.25981pt too wide) in paragraph at lines 36--36
[]  [][][] 
 []



[0

{/usr/local/texlive/2025/texmf-var/fonts/map/pdftex/updmap/pdftex.map} <./Deu.j
pg> <./Muh.jpg>]
Underfull \hbox (badness 10000) in paragraph at lines 36--36

 []

LaTeX Font Info:    Trying to load font information for U+msa on input line 36.

(/usr/local/texlive/2025/texmf-dist/tex/latex/amsfonts/umsa.fd
File: umsa.fd 2013/01/14 v3.01 AMS symbols A
)
LaTeX Font Info:    Trying to load font information for U+msb on input line 36.


(/usr/local/texlive/2025/texmf-dist/tex/latex/amsfonts/umsb.fd
File: umsb.fd 2013/01/14 v3.01 AMS symbols B
)
LaTeX Font Info:    Trying to load font information for U+esint on input line 3
6.

(/usr/local/texlive/2025/texmf-dist/tex/latex/esint/uesint.fd
File: uesint.fd 
)

File: Deu.jpg Graphic file (type jpg)
<use Deu.jpg>
Package pdftex.def Info: Deu.jpg  used on input line 36.
(pdftex.def)             Requested size: 284.52756pt x 284.54623pt.
[0]
Package caption Info: Begin \AtBeginDocument code.
Package caption Info: rotating package is loaded.
Package caption Info: End \AtBeginDocument code.
 (/usr/local/texlive/2025/texmf-dist/tex/latex/pdflscape/pdflscape.sty
Package: pdflscape 2022-10-27 v0.13 Display of landscape pages in PDF

(/usr/local/texlive/2025/texmf-dist/tex/latex/pdflscape/pdflscape-nometadata.st
y
Package: pdflscape-nometadata 2022-10-28 v0.13 Display of landscape pages in PD
F (HO)
Package pdflscape Info: Auto-detected driver: pdftex on input line 81.
))
LaTeX Info: Redefining \celsius on input line 36.
Package gensymb Info: Faking symbols for \degree and \celsius on input line 36.



Package gensymb Warning: Not defining \perthousand.

LaTeX Info: Redefining \ohm on input line 36.
Package gensymb Info: Using \Omega for \ohm on input line 36.

Package gensymb Warning: Not defining \micro.



File: Deu.jpg Graphic file (type jpg)
<use Deu.jpg>
Package pdftex.def Info: Deu.jpg  used on input line 42.
(pdftex.def)             Requested size: 284.52756pt x 284.54623pt.
[1] (./main.toc)
\tf@toc=\write5
\openout5 = `main.toc'.



File: Deu.jpg Graphic file (type jpg)
<use Deu.jpg>
Package pdftex.def Info: Deu.jpg  used on input line 42.
(pdftex.def)             Requested size: 284.52756pt x 284.54623pt.
[2

]

File: Deu.jpg Graphic file (type jpg)
<use Deu.jpg>
Package pdftex.def Info: Deu.jpg  used on input line 42.
(pdftex.def)             Requested size: 284.52756pt x 284.54623pt.
[3] (./main.lot)
\tf@lot=\write6
\openout6 = `main.lot'.



File: Deu.jpg Graphic file (type jpg)
<use Deu.jpg>
Package pdftex.def Info: Deu.jpg  used on input line 43.
(pdftex.def)             Requested size: 284.52756pt x 284.54623pt.
[4


] (./main.lof)
\tf@lof=\write7
\openout7 = `main.lof'.



File: Deu.jpg Graphic file (type jpg)
<use Deu.jpg>
Package pdftex.def Info: Deu.jpg  used on input line 44.
(pdftex.def)             Requested size: 284.52756pt x 284.54623pt.
[5


]
Chapter 1.

Overfull \hbox (10.58928pt too wide) in paragraph at lines 58--60
[]\OT1/cmr/m/n/10.95 Electro-optical mod-u-la-tion can be based on dif-fer-ent 
phe-nom-ena for in-stance quadratic
 []



File: Deu.jpg Graphic file (type jpg)
<use Deu.jpg>
Package pdftex.def Info: Deu.jpg  used on input line 63.
(pdftex.def)             Requested size: 284.52756pt x 284.54623pt.
[1


]
Overfull \hbox (28.64885pt too wide) in paragraph at lines 71--75
 [][] 
 []



File: Deu.jpg Graphic file (type jpg)
<use Deu.jpg>
Package pdftex.def Info: Deu.jpg  used on input line 101.
(pdftex.def)             Requested size: 284.52756pt x 284.54623pt.
[2]

File: Deu.jpg Graphic file (type jpg)
<use Deu.jpg>
Package pdftex.def Info: Deu.jpg  used on input line 108.
(pdftex.def)             Requested size: 284.52756pt x 284.54623pt.
[3]
Chapter 2.


File: Deu.jpg Graphic file (type jpg)
<use Deu.jpg>
Package pdftex.def Info: Deu.jpg  used on input line 143.
(pdftex.def)             Requested size: 284.52756pt x 284.54623pt.
[4

]

File: Deu.jpg Graphic file (type jpg)
<use Deu.jpg>
Package pdftex.def Info: Deu.jpg  used on input line 192.
(pdftex.def)             Requested size: 284.52756pt x 284.54623pt.
[5]
<2dWGgeom-2.png, id=59, 453.695pt x 172.645pt>
File: 2dWGgeom-2.png Graphic file (type png)
<use 2dWGgeom-2.png>
Package pdftex.def Info: 2dWGgeom-2.png  used on input line 204.
(pdftex.def)             Requested size: 206.28249pt x 78.49564pt.


File: Deu.jpg Graphic file (type jpg)
<use Deu.jpg>
Package pdftex.def Info: Deu.jpg  used on input line 240.
(pdftex.def)             Requested size: 284.52756pt x 284.54623pt.
[6 <./2dWGgeom-2.png>]

File: Deu.jpg Graphic file (type jpg)
<use Deu.jpg>
Package pdftex.def Info: Deu.jpg  used on input line 279.
(pdftex.def)             Requested size: 284.52756pt x 284.54623pt.
[7]

File: Deu.jpg Graphic file (type jpg)
<use Deu.jpg>
Package pdftex.def Info: Deu.jpg  used on input line 372.
(pdftex.def)             Requested size: 284.52756pt x 284.54623pt.
[8]

File: Deu.jpg Graphic file (type jpg)
<use Deu.jpg>
Package pdftex.def Info: Deu.jpg  used on input line 448.
(pdftex.def)             Requested size: 284.52756pt x 284.54623pt.
[9]

File: Deu.jpg Graphic file (type jpg)
<use Deu.jpg>
Package pdftex.def Info: Deu.jpg  used on input line 495.
(pdftex.def)             Requested size: 284.52756pt x 284.54623pt.
[10]
<indexEllipsoidMethod.png, id=80, 247.92625pt x 121.45375pt>
File: indexEllipsoidMethod.png Graphic file (type png)
<use indexEllipsoidMethod.png>
Package pdftex.def Info: indexEllipsoidMethod.png  used on input line 520.
(pdftex.def)             Requested size: 185.65297pt x 90.94737pt.
<negativeUniaxialCrystal.png, id=81, 131.49126pt x 137.51375pt>
File: negativeUniaxialCrystal.png Graphic file (type png)
<use negativeUniaxialCrystal.png>
Package pdftex.def Info: negativeUniaxialCrystal.png  used on input line 528.
(pdftex.def)             Requested size: 103.14124pt x 107.86879pt.


File: Deu.jpg Graphic file (type jpg)
<use Deu.jpg>
Package pdftex.def Info: Deu.jpg  used on input line 546.
(pdftex.def)             Requested size: 284.52756pt x 284.54623pt.
[11 <./indexEllipsoidMethod.png> <./negativeUniaxialCrystal.png>]

File: Deu.jpg Graphic file (type jpg)
<use Deu.jpg>
Package pdftex.def Info: Deu.jpg  used on input line 591.
(pdftex.def)             Requested size: 284.52756pt x 284.54623pt.
[12]
<ion-diffused.png, id=92, 375.4025pt x 275.0275pt>
File: ion-diffused.png Graphic file (type png)
<use ion-diffused.png>
Package pdftex.def Info: ion-diffused.png  used on input line 598.
(pdftex.def)             Requested size: 165.02347pt x 120.89915pt.
<monolithic-rid-ridge.png, id=93, 350.30875pt x 299.1175pt>
File: monolithic-rid-ridge.png Graphic file (type png)
<use monolithic-rid-ridge.png>
Package pdftex.def Info: monolithic-rid-ridge.png  used on input line 606.
(pdftex.def)             Requested size: 165.02347pt x 140.90929pt.

Underfull \hbox (badness 1242) in paragraph at lines 607--607
[]\OT1/cmr/m/n/10.95 Figure 2.5: |Monolithic-rib-ridge
 []

<modulator-orientation.jpeg, id=94, 1441.385pt x 468.75125pt>
File: modulator-orientation.jpeg Graphic file (type jpg)
<use modulator-orientation.jpeg>
Package pdftex.def Info: modulator-orientation.jpeg  used on input line 616.
(pdftex.def)             Requested size: 330.05322pt x 107.33128pt.

LaTeX Warning: `h' float specifier changed to `ht'.

<x-cut-LNOI.png, id=95, 1018.80624pt x 460.72125pt>
File: x-cut-LNOI.png Graphic file (type png)
<use x-cut-LNOI.png>
Package pdftex.def Info: x-cut-LNOI.png  used on input line 625.
(pdftex.def)             Requested size: 371.30595pt x 167.9123pt.


File: Deu.jpg Graphic file (type jpg)
<use Deu.jpg>
Package pdftex.def Info: Deu.jpg  used on input line 628.
(pdftex.def)             Requested size: 284.52756pt x 284.54623pt.
[13 <./ion-diffused.png> <./monolithic-rid-ridge.png>]
<TL_model.png, id=101, 371.3875pt x 215.80624pt>
File: TL_model.png Graphic file (type png)
<use TL_model.png>
Package pdftex.def Info: TL_model.png  used on input line 656.
(pdftex.def)             Requested size: 206.28249pt x 119.86937pt.


LaTeX Warning: `h' float specifier changed to `ht'.



File: Deu.jpg Graphic file (type jpg)
<use Deu.jpg>
Package pdftex.def Info: Deu.jpg  used on input line 663.
(pdftex.def)             Requested size: 284.52756pt x 284.54623pt.
[14 <./modulator-orientation.jpeg> <./x-cut-LNOI.png (PNG copy)>]
<cpw.png, id=105, 302.12875pt x 180.675pt>
File: cpw.png Graphic file (type png)
<use cpw.png>
Package pdftex.def Info: cpw.png  used on input line 689.
(pdftex.def)             Requested size: 247.54149pt x 148.03038pt.


LaTeX Warning: `h' float specifier changed to `ht'.



File: Deu.jpg Graphic file (type jpg)
<use Deu.jpg>
Package pdftex.def Info: Deu.jpg  used on input line 704.
(pdftex.def)             Requested size: 284.52756pt x 284.54623pt.
[15 <./TL_model.png>]
<Screenshot 2025-05-20 at 17.35.40.png, id=110, 427.5975pt x 76.285pt>
File: Screenshot 2025-05-20 at 17.35.40.png Graphic file (type png)
<use Screenshot 2025-05-20 at 17.35.40.png>
Package pdftex.def Info: Screenshot 2025-05-20 at 17.35.40.png  used on input l
ine 709.
(pdftex.def)             Requested size: 330.05322pt x 58.8828pt.


File: Deu.jpg Graphic file (type jpg)
<use Deu.jpg>
Package pdftex.def Info: Deu.jpg  used on input line 727.
(pdftex.def)             Requested size: 284.52756pt x 284.54623pt.
[16 <./cpw.png> <./Screenshot 2025-05-20 at 17.35.40.png>]

File: Deu.jpg Graphic file (type jpg)
<use Deu.jpg>
Package pdftex.def Info: Deu.jpg  used on input line 777.
(pdftex.def)             Requested size: 284.52756pt x 284.54623pt.
[17]

File: Deu.jpg Graphic file (type jpg)
<use Deu.jpg>
Package pdftex.def Info: Deu.jpg  used on input line 808.
(pdftex.def)             Requested size: 284.52756pt x 284.54623pt.
[18]

File: Deu.jpg Graphic file (type jpg)
<use Deu.jpg>
Package pdftex.def Info: Deu.jpg  used on input line 855.
(pdftex.def)             Requested size: 284.52756pt x 284.54623pt.
[19]
LaTeX Font Info:    Trying to load font information for U+euf on input line 892
.
 (/usr/local/texlive/2025/texmf-dist/tex/latex/amsfonts/ueuf.fd
File: ueuf.fd 2013/01/14 v3.01 Euler Fraktur
)

File: Deu.jpg Graphic file (type jpg)
<use Deu.jpg>
Package pdftex.def Info: Deu.jpg  used on input line 897.
(pdftex.def)             Requested size: 284.52756pt x 284.54623pt.
[20]

File: Deu.jpg Graphic file (type jpg)
<use Deu.jpg>
Package pdftex.def Info: Deu.jpg  used on input line 928.
(pdftex.def)             Requested size: 284.52756pt x 284.54623pt.
[21]

File: Deu.jpg Graphic file (type jpg)
<use Deu.jpg>
Package pdftex.def Info: Deu.jpg  used on input line 955.
(pdftex.def)             Requested size: 284.52756pt x 284.54623pt.
[22]

File: Deu.jpg Graphic file (type jpg)
<use Deu.jpg>
Package pdftex.def Info: Deu.jpg  used on input line 983.
(pdftex.def)             Requested size: 284.52756pt x 284.54623pt.
[23]
\openout2 = `methodsAndResults.aux'.

 (./methodsAndResults.tex
Chapter 3.
<simulation geometry.png, id=143, 596.2275pt x 575.14874pt>
File: simulation geometry.png Graphic file (type png)
<use simulation geometry.png>
Package pdftex.def Info: simulation geometry.png  used on input line 17.
(pdftex.def)             Requested size: 175.34137pt x 169.14084pt.

Overfull \hbox (20.6295pt too wide) in paragraph at lines 15--42
[]$[]$ $[]$ 
 []



File: Deu.jpg Graphic file (type jpg)
<use Deu.jpg>
Package pdftex.def Info: Deu.jpg  used on input line 46.
(pdftex.def)             Requested size: 284.52756pt x 284.54623pt.
[24


 <./simulation geometry.png>]
<CPW_dynamic_field_distribution_50GHz.png, id=148, 648.17157pt x 358.33875pt>
File: CPW_dynamic_field_distribution_50GHz.png Graphic file (type png)
<use CPW_dynamic_field_distribution_50GHz.png>
Package pdftex.def Info: CPW_dynamic_field_distribution_50GHz.png  used on inpu
t line 52.
(pdftex.def)             Requested size: 330.05322pt x 182.47148pt.


File: Deu.jpg Graphic file (type jpg)
<use Deu.jpg>
Package pdftex.def Info: Deu.jpg  used on input line 69.
(pdftex.def)             Requested size: 284.52756pt x 284.54623pt.
[25 <./CPW_dynamic_field_distribution_50GHz.png (PNG copy)>]
<effective index colormap.png, id=152, 597.73312pt x 310.15875pt>
File: effective index colormap.png Graphic file (type png)
<use effective index colormap.png>
Package pdftex.def Info: effective index colormap.png  used on input line 73.
(pdftex.def)             Requested size: 268.1647pt x 139.14894pt.
<characteristic impedance colormap.png, id=153, 597.73312pt x 310.15875pt>
File: characteristic impedance colormap.png Graphic file (type png)
<use characteristic impedance colormap.png>
Package pdftex.def Info: characteristic impedance colormap.png  used on input l
ine 109.
(pdftex.def)             Requested size: 268.1647pt x 139.14894pt.


File: Deu.jpg Graphic file (type jpg)
<use Deu.jpg>
Package pdftex.def Info: Deu.jpg  used on input line 116.
(pdftex.def)             Requested size: 284.52756pt x 284.54623pt.
[26 <./effective index colormap.png (PNG copy)> <./characteristic impedance col
ormap.png (PNG copy)>]
Overfull \hbox (0.4543pt too wide) in paragraph at lines 116--116
[]\OT1/cmr/bx/n/10.95 Frequency De-pen-dence CPW Pa-ram-e-ters And Ef-fects On 
Mod-u-la-tion Band-
 []

<Microwave Group Index As A Function Of Frequency.png, id=157, 572.1375pt x 339
.2675pt>
File: Microwave Group Index As A Function Of Frequency.png Graphic file (type p
ng)
<use Microwave Group Index As A Function Of Frequency.png>
Package pdftex.def Info: Microwave Group Index As A Function Of Frequency.png  
used on input line 123.
(pdftex.def)             Requested size: 206.28249pt x 122.32256pt.
<characteristic_impedance_vs_frequency_change.png, id=158, 691.8648pt x 416.757
pt>
File: characteristic_impedance_vs_frequency_change.png Graphic file (type png)
<use characteristic_impedance_vs_frequency_change.png>
Package pdftex.def Info: characteristic_impedance_vs_frequency_change.png  used
 on input line 130.
(pdftex.def)             Requested size: 206.28249pt x 124.25224pt.

Underfull \hbox (badness 5847) in paragraph at lines 131--131
[]\OT1/cmr/m/n/10.95 Figure 3.6: |Char-ac-ter-is-tic impedance
 []

<modulation_index_vs_freq_15-80ghz_1ghz_step.png, id=159, 826.287pt x 389.2944p
t>
File: modulation_index_vs_freq_15-80ghz_1ghz_step.png Graphic file (type png)
<use modulation_index_vs_freq_15-80ghz_1ghz_step.png>
Package pdftex.def Info: modulation_index_vs_freq_15-80ghz_1ghz_step.png  used 
on input line 140.
(pdftex.def)             Requested size: 371.30595pt x 174.93137pt.
)

File: Deu.jpg Graphic file (type jpg)
<use Deu.jpg>
Package pdftex.def Info: Deu.jpg  used on input line 983.
(pdftex.def)             Requested size: 284.52756pt x 284.54623pt.
[27 <./Microwave Group Index As A Function Of Frequency.png> <./characteristic_
impedance_vs_frequency_change.png (PNG copy)> <./modulation_index_vs_freq_15-80
ghz_1ghz_step.png (PNG copy)>]
Chapter 4.


File: Deu.jpg Graphic file (type jpg)
<use Deu.jpg>
Package pdftex.def Info: Deu.jpg  used on input line 995.
(pdftex.def)             Requested size: 284.52756pt x 284.54623pt.
[28



]
\openout2 = `appendices.aux'.

 (./appendices.tex
Chapter 5.


File: Deu.jpg Graphic file (type jpg)
<use Deu.jpg>
Package pdftex.def Info: Deu.jpg  used on input line 75.
(pdftex.def)             Requested size: 284.52756pt x 284.54623pt.
[29


]
<Characteristic Impedance With Coarse Mesh_wgap.png, id=170, 450.68375pt x 322.
20375pt>
File: Characteristic Impedance With Coarse Mesh_wgap.png Graphic file (type png
)
<use Characteristic Impedance With Coarse Mesh_wgap.png>
Package pdftex.def Info: Characteristic Impedance With Coarse Mesh_wgap.png  us
ed on input line 86.
(pdftex.def)             Requested size: 288.79422pt x 206.47517pt.
<Characteristic Impedance With Coarse Mesh_wpos.png, id=171, 456.70625pt x 258.
9675pt>
File: Characteristic Impedance With Coarse Mesh_wpos.png Graphic file (type png
)
<use Characteristic Impedance With Coarse Mesh_wpos.png>
Package pdftex.def Info: Characteristic Impedance With Coarse Mesh_wpos.png  us
ed on input line 93.
(pdftex.def)             Requested size: 288.79422pt x 163.7589pt.
)

File: Deu.jpg Graphic file (type jpg)
<use Deu.jpg>
Package pdftex.def Info: Deu.jpg  used on input line 995.
(pdftex.def)             Requested size: 284.52756pt x 284.54623pt.
[30 <./Characteristic Impedance With Coarse Mesh_wgap.png> <./Characteristic Im
pedance With Coarse Mesh_wpos.png>]

File: Deu.jpg Graphic file (type jpg)
<use Deu.jpg>
Package pdftex.def Info: Deu.jpg  used on input line 1018.
(pdftex.def)             Requested size: 284.52756pt x 284.54623pt.
[31



]

File: Deu.jpg Graphic file (type jpg)
<use Deu.jpg>
Package pdftex.def Info: Deu.jpg  used on input line 1039.
(pdftex.def)             Requested size: 284.52756pt x 284.54623pt.
[32]

File: Deu.jpg Graphic file (type jpg)
<use Deu.jpg>
Package pdftex.def Info: Deu.jpg  used on input line 1058.
(pdftex.def)             Requested size: 284.52756pt x 284.54623pt.
[33] (./main.aux (./methodsAndResults.aux) (./appendices.aux))
 ***********
LaTeX2e <2024-11-01> patch level 2
L3 programming layer <2020/03/25>
 ***********


LaTeX Warning: There were multiply-defined labels.

 ) 
Here is how much of TeX's memory you used:
 39047 strings out of 473190
 963100 string characters out of 5715801
 1603718 words of memory out of 5000000
 61823 multiletter control sequences out of 15000+600000
 578892 words of font info for 116 fonts, out of 8000000 for 9000
 1141 hyphenation exceptions out of 8191
 99i,16n,105p,1173b,1246s stack positions out of 10000i,1000n,20000p,200000b,200000s
</usr/local/texlive/2025/texmf-dist/fonts/type1/public/amsfonts/cm/cmbx10.pfb
></usr/local/texlive/2025/texmf-dist/fonts/type1/public/amsfonts/cm/cmbx12.pfb>
</usr/local/texlive/2025/texmf-dist/fonts/type1/public/amsfonts/cm/cmbx8.pfb></
usr/local/texlive/2025/texmf-dist/fonts/type1/public/amsfonts/cm/cmex10.pfb></u
sr/local/texlive/2025/texmf-dist/fonts/type1/public/amsfonts/cmextra/cmex8.pfb>
</usr/local/texlive/2025/texmf-dist/fonts/type1/public/amsfonts/cm/cmmi10.pfb><
/usr/local/texlive/2025/texmf-dist/fonts/type1/public/amsfonts/cm/cmmi12.pfb></
usr/local/texlive/2025/texmf-dist/fonts/type1/public/amsfonts/cm/cmmi6.pfb></us
r/local/texlive/2025/texmf-dist/fonts/type1/public/amsfonts/cm/cmmi8.pfb></usr/
local/texlive/2025/texmf-dist/fonts/type1/public/amsfonts/cm/cmmib10.pfb></usr/
local/texlive/2025/texmf-dist/fonts/type1/public/amsfonts/cmextra/cmmib8.pfb></
usr/local/texlive/2025/texmf-dist/fonts/type1/public/amsfonts/cm/cmr10.pfb></us
r/local/texlive/2025/texmf-dist/fonts/type1/public/amsfonts/cm/cmr12.pfb></usr/
local/texlive/2025/texmf-dist/fonts/type1/public/amsfonts/cm/cmr17.pfb></usr/lo
cal/texlive/2025/texmf-dist/fonts/type1/public/amsfonts/cm/cmr6.pfb></usr/local
/texlive/2025/texmf-dist/fonts/type1/public/amsfonts/cm/cmr8.pfb></usr/local/te
xlive/2025/texmf-dist/fonts/type1/public/amsfonts/cm/cmsy10.pfb></usr/local/tex
live/2025/texmf-dist/fonts/type1/public/amsfonts/cm/cmsy8.pfb></usr/local/texli
ve/2025/texmf-dist/fonts/type1/public/amsfonts/cm/cmti10.pfb></usr/local/texliv
e/2025/texmf-dist/fonts/type1/public/amsfonts/cm/cmti12.pfb></usr/local/texlive
/2025/texmf-dist/fonts/type1/public/esint-type1/esint10.pfb></usr/local/texlive
/2025/texmf-dist/fonts/type1/public/amsfonts/euler/eufm10.pfb>
Output written on main.pdf (40 pages, 1302875 bytes).
PDF statistics:
 281 PDF objects out of 1000 (max. 8388607)
 161 compressed objects within 2 object streams
 0 named destinations out of 1000 (max. 500000)
 118 words of extra memory for PDF output out of 10000 (max. 10000000)

